Determining if the pthread_create exist failed with the following output:
Change Dir: /home/tanya/computer_vision/catkin_ws/build/CMakeFiles/CMakeTmp

Run Build Command:"/usr/bin/make" "cmTC_c4ff1/fast"
/usr/bin/make -f CMakeFiles/cmTC_c4ff1.dir/build.make CMakeFiles/cmTC_c4ff1.dir/build
make[1]: Entering directory '/home/tanya/computer_vision/catkin_ws/build/CMakeFiles/CMakeTmp'
Building C object CMakeFiles/cmTC_c4ff1.dir/CheckSymbolExists.c.o
/usr/bin/cc     -o CMakeFiles/cmTC_c4ff1.dir/CheckSymbolExists.c.o   -c /home/tanya/computer_vision/catkin_ws/build/CMakeFiles/CMakeTmp/CheckSymbolExists.c
Linking C executable cmTC_c4ff1
/usr/bin/cmake -E cmake_link_script CMakeFiles/cmTC_c4ff1.dir/link.txt --verbose=1
/usr/bin/cc       CMakeFiles/cmTC_c4ff1.dir/CheckSymbolExists.c.o  -o cmTC_c4ff1 -rdynamic 
CMakeFiles/cmTC_c4ff1.dir/CheckSymbolExists.c.o: In function `main':
CheckSymbolExists.c:(.text+0x16): undefined reference to `pthread_create'
collect2: error: ld returned 1 exit status
CMakeFiles/cmTC_c4ff1.dir/build.make:97: recipe for target 'cmTC_c4ff1' failed
make[1]: *** [cmTC_c4ff1] Error 1
make[1]: Leaving directory '/home/tanya/computer_vision/catkin_ws/build/CMakeFiles/CMakeTmp'
Makefile:126: recipe for target 'cmTC_c4ff1/fast' failed
make: *** [cmTC_c4ff1/fast] Error 2

File /home/tanya/computer_vision/catkin_ws/build/CMakeFiles/CMakeTmp/CheckSymbolExists.c:
/* */
#include <pthread.h>

int main(int argc, char** argv)
{
  (void)argv;
#ifndef pthread_create
  return ((int*)(&pthread_create))[argc];
#else
  (void)argc;
  return 0;
#endif
}

Determining if the function pthread_create exists in the pthreads failed with the following output:
Change Dir: /home/tanya/computer_vision/catkin_ws/build/CMakeFiles/CMakeTmp

Run Build Command:"/usr/bin/make" "cmTC_57eb6/fast"
/usr/bin/make -f CMakeFiles/cmTC_57eb6.dir/build.make CMakeFiles/cmTC_57eb6.dir/build
make[1]: Entering directory '/home/tanya/computer_vision/catkin_ws/build/CMakeFiles/CMakeTmp'
Building C object CMakeFiles/cmTC_57eb6.dir/CheckFunctionExists.c.o
/usr/bin/cc    -DCHECK_FUNCTION_EXISTS=pthread_create   -o CMakeFiles/cmTC_57eb6.dir/CheckFunctionExists.c.o   -c /usr/share/cmake-3.5/Modules/CheckFunctionExists.c
Linking C executable cmTC_57eb6
/usr/bin/cmake -E cmake_link_script CMakeFiles/cmTC_57eb6.dir/link.txt --verbose=1
/usr/bin/cc   -DCHECK_FUNCTION_EXISTS=pthread_create    CMakeFiles/cmTC_57eb6.dir/CheckFunctionExists.c.o  -o cmTC_57eb6 -rdynamic -lpthreads 
/usr/bin/ld: cannot find -lpthreads
collect2: error: ld returned 1 exit status
CMakeFiles/cmTC_57eb6.dir/build.make:97: recipe for target 'cmTC_57eb6' failed
make[1]: *** [cmTC_57eb6] Error 1
make[1]: Leaving directory '/home/tanya/computer_vision/catkin_ws/build/CMakeFiles/CMakeTmp'
Makefile:126: recipe for target 'cmTC_57eb6/fast' failed
make: *** [cmTC_57eb6/fast] Error 2


